[2014-03-29 00:13:15,895][INFO ][cluster.metadata         ] [Plazm] [blogs] creating index, cause [api], shards [5]/[1], mappings [blog]
[2014-03-29 00:20:48,565][INFO ][cluster.metadata         ] [Plazm] [blogs] update_mapping [blog] (dynamic)
[2014-03-29 01:13:53,467][INFO ][cluster.metadata         ] [Plazm] [blogs] update_mapping [blog] (dynamic)
[2014-03-29 02:01:48,202][INFO ][cluster.metadata         ] [Plazm] [articles] deleting index
[2014-03-29 02:01:48,927][INFO ][cluster.metadata         ] [Plazm] [articles] creating index, cause [api], shards [5]/[1], mappings [article]
[2014-03-29 02:01:52,226][INFO ][cluster.metadata         ] [Plazm] [articles] update_mapping [article] (dynamic)
[2014-03-29 17:19:13,136][DEBUG][action.search.type       ] [Plazm] [articles][2], node[fKARli1bRJmH-8GAfldWgQ], [P], s[STARTED]: Failed to execute [org.elasticsearch.action.search.SearchRequest@efc773]
org.elasticsearch.search.SearchParseException: [articles][2]: from[-1],size[-1]: Parse Failure [Failed to parse source [{"query":{"query_string":{"query":"","lowercase_expanded_terms":true,"analyze_wildcard":false}}}]]
	at org.elasticsearch.search.SearchService.parseSource(SearchService.java:566)
	at org.elasticsearch.search.SearchService.createContext(SearchService.java:482)
	at org.elasticsearch.search.SearchService.createContext(SearchService.java:466)
	at org.elasticsearch.search.SearchService.executeQueryPhase(SearchService.java:236)
	at org.elasticsearch.search.action.SearchServiceTransportAction.sendExecuteQuery(SearchServiceTransportAction.java:141)
	at org.elasticsearch.action.search.type.TransportSearchQueryThenFetchAction$AsyncAction.sendExecuteFirstPhase(TransportSearchQueryThenFetchAction.java:80)
	at org.elasticsearch.action.search.type.TransportSearchTypeAction$BaseAsyncAction.performFirstPhase(TransportSearchTypeAction.java:205)
	at org.elasticsearch.action.search.type.TransportSearchTypeAction$BaseAsyncAction.performFirstPhase(TransportSearchTypeAction.java:192)
	at org.elasticsearch.action.search.type.TransportSearchTypeAction$BaseAsyncAction$2.run(TransportSearchTypeAction.java:178)
	at java.util.concurrent.ThreadPoolExecutor.runWorker(ThreadPoolExecutor.java:1145)
	at java.util.concurrent.ThreadPoolExecutor$Worker.run(ThreadPoolExecutor.java:615)
	at java.lang.Thread.run(Thread.java:744)
Caused by: org.elasticsearch.index.query.QueryParsingException: [articles] Failed to parse query []
	at org.elasticsearch.index.query.QueryStringQueryParser.parse(QueryStringQueryParser.java:224)
	at org.elasticsearch.index.query.QueryParseContext.parseInnerQuery(QueryParseContext.java:188)
	at org.elasticsearch.index.query.IndexQueryParserService.parse(IndexQueryParserService.java:268)
	at org.elasticsearch.index.query.IndexQueryParserService.parse(IndexQueryParserService.java:246)
	at org.elasticsearch.search.query.QueryParseElement.parse(QueryParseElement.java:33)
	at org.elasticsearch.search.SearchService.parseSource(SearchService.java:554)
	... 11 more
Caused by: org.apache.lucene.queryParser.ParseException: Cannot parse '': Encountered "<EOF>" at line 1, column 0.
Was expecting one of:
    <NOT> ...
    "+" ...
    "-" ...
    <BAREOPER> ...
    "(" ...
    "*" ...
    <QUOTED> ...
    <TERM> ...
    <PREFIXTERM> ...
    <WILDTERM> ...
    "[" ...
    "{" ...
    <NUMBER> ...
    <TERM> ...
    "*" ...
    
	at org.apache.lucene.queryParser.QueryParser.parse(QueryParser.java:211)
	at org.elasticsearch.index.query.QueryStringQueryParser.parse(QueryStringQueryParser.java:212)
	... 16 more
Caused by: org.apache.lucene.queryParser.ParseException: Encountered "<EOF>" at line 1, column 0.
Was expecting one of:
    <NOT> ...
    "+" ...
    "-" ...
    <BAREOPER> ...
    "(" ...
    "*" ...
    <QUOTED> ...
    <TERM> ...
    <PREFIXTERM> ...
    <WILDTERM> ...
    "[" ...
    "{" ...
    <NUMBER> ...
    <TERM> ...
    "*" ...
    
	at org.apache.lucene.queryParser.QueryParser.generateParseException(QueryParser.java:1849)
	at org.apache.lucene.queryParser.QueryParser.jj_consume_token(QueryParser.java:1731)
	at org.apache.lucene.queryParser.QueryParser.Clause(QueryParser.java:1337)
	at org.apache.lucene.queryParser.QueryParser.Query(QueryParser.java:1245)
	at org.apache.lucene.queryParser.QueryParser.TopLevelQuery(QueryParser.java:1234)
	at org.apache.lucene.queryParser.QueryParser.parse(QueryParser.java:206)
	... 17 more
[2014-03-29 17:19:13,138][DEBUG][action.search.type       ] [Plazm] [articles][1], node[fKARli1bRJmH-8GAfldWgQ], [P], s[STARTED]: Failed to execute [org.elasticsearch.action.search.SearchRequest@efc773]
org.elasticsearch.search.SearchParseException: [articles][1]: from[-1],size[-1]: Parse Failure [Failed to parse source [{"query":{"query_string":{"query":"","lowercase_expanded_terms":true,"analyze_wildcard":false}}}]]
	at org.elasticsearch.search.SearchService.parseSource(SearchService.java:566)
	at org.elasticsearch.search.SearchService.createContext(SearchService.java:482)
	at org.elasticsearch.search.SearchService.createContext(SearchService.java:466)
	at org.elasticsearch.search.SearchService.executeQueryPhase(SearchService.java:236)
	at org.elasticsearch.search.action.SearchServiceTransportAction.sendExecuteQuery(SearchServiceTransportAction.java:141)
	at org.elasticsearch.action.search.type.TransportSearchQueryThenFetchAction$AsyncAction.sendExecuteFirstPhase(TransportSearchQueryThenFetchAction.java:80)
	at org.elasticsearch.action.search.type.TransportSearchTypeAction$BaseAsyncAction.performFirstPhase(TransportSearchTypeAction.java:205)
	at org.elasticsearch.action.search.type.TransportSearchTypeAction$BaseAsyncAction.performFirstPhase(TransportSearchTypeAction.java:192)
	at org.elasticsearch.action.search.type.TransportSearchTypeAction$BaseAsyncAction$2.run(TransportSearchTypeAction.java:178)
	at java.util.concurrent.ThreadPoolExecutor.runWorker(ThreadPoolExecutor.java:1145)
	at java.util.concurrent.ThreadPoolExecutor$Worker.run(ThreadPoolExecutor.java:615)
	at java.lang.Thread.run(Thread.java:744)
Caused by: org.elasticsearch.index.query.QueryParsingException: [articles] Failed to parse query []
	at org.elasticsearch.index.query.QueryStringQueryParser.parse(QueryStringQueryParser.java:224)
	at org.elasticsearch.index.query.QueryParseContext.parseInnerQuery(QueryParseContext.java:188)
	at org.elasticsearch.index.query.IndexQueryParserService.parse(IndexQueryParserService.java:268)
	at org.elasticsearch.index.query.IndexQueryParserService.parse(IndexQueryParserService.java:246)
	at org.elasticsearch.search.query.QueryParseElement.parse(QueryParseElement.java:33)
	at org.elasticsearch.search.SearchService.parseSource(SearchService.java:554)
	... 11 more
Caused by: org.apache.lucene.queryParser.ParseException: Cannot parse '': Encountered "<EOF>" at line 1, column 0.
Was expecting one of:
    <NOT> ...
    "+" ...
    "-" ...
    <BAREOPER> ...
    "(" ...
    "*" ...
    <QUOTED> ...
    <TERM> ...
    <PREFIXTERM> ...
    <WILDTERM> ...
    "[" ...
    "{" ...
    <NUMBER> ...
    <TERM> ...
    "*" ...
    
	at org.apache.lucene.queryParser.QueryParser.parse(QueryParser.java:211)
	at org.elasticsearch.index.query.QueryStringQueryParser.parse(QueryStringQueryParser.java:212)
	... 16 more
Caused by: org.apache.lucene.queryParser.ParseException: Encountered "<EOF>" at line 1, column 0.
Was expecting one of:
    <NOT> ...
    "+" ...
    "-" ...
    <BAREOPER> ...
    "(" ...
    "*" ...
    <QUOTED> ...
    <TERM> ...
    <PREFIXTERM> ...
    <WILDTERM> ...
    "[" ...
    "{" ...
    <NUMBER> ...
    <TERM> ...
    "*" ...
    
	at org.apache.lucene.queryParser.QueryParser.generateParseException(QueryParser.java:1849)
	at org.apache.lucene.queryParser.QueryParser.jj_consume_token(QueryParser.java:1731)
	at org.apache.lucene.queryParser.QueryParser.Clause(QueryParser.java:1337)
	at org.apache.lucene.queryParser.QueryParser.Query(QueryParser.java:1245)
	at org.apache.lucene.queryParser.QueryParser.TopLevelQuery(QueryParser.java:1234)
	at org.apache.lucene.queryParser.QueryParser.parse(QueryParser.java:206)
	... 17 more
[2014-03-29 17:19:13,138][DEBUG][action.search.type       ] [Plazm] [articles][0], node[fKARli1bRJmH-8GAfldWgQ], [P], s[STARTED]: Failed to execute [org.elasticsearch.action.search.SearchRequest@efc773]
org.elasticsearch.search.SearchParseException: [articles][0]: from[-1],size[-1]: Parse Failure [Failed to parse source [{"query":{"query_string":{"query":"","lowercase_expanded_terms":true,"analyze_wildcard":false}}}]]
	at org.elasticsearch.search.SearchService.parseSource(SearchService.java:566)
	at org.elasticsearch.search.SearchService.createContext(SearchService.java:482)
	at org.elasticsearch.search.SearchService.createContext(SearchService.java:466)
	at org.elasticsearch.search.SearchService.executeQueryPhase(SearchService.java:236)
	at org.elasticsearch.search.action.SearchServiceTransportAction.sendExecuteQuery(SearchServiceTransportAction.java:141)
	at org.elasticsearch.action.search.type.TransportSearchQueryThenFetchAction$AsyncAction.sendExecuteFirstPhase(TransportSearchQueryThenFetchAction.java:80)
	at org.elasticsearch.action.search.type.TransportSearchTypeAction$BaseAsyncAction.performFirstPhase(TransportSearchTypeAction.java:205)
	at org.elasticsearch.action.search.type.TransportSearchTypeAction$BaseAsyncAction.performFirstPhase(TransportSearchTypeAction.java:192)
	at org.elasticsearch.action.search.type.TransportSearchTypeAction$BaseAsyncAction$2.run(TransportSearchTypeAction.java:178)
	at java.util.concurrent.ThreadPoolExecutor.runWorker(ThreadPoolExecutor.java:1145)
	at java.util.concurrent.ThreadPoolExecutor$Worker.run(ThreadPoolExecutor.java:615)
	at java.lang.Thread.run(Thread.java:744)
Caused by: org.elasticsearch.index.query.QueryParsingException: [articles] Failed to parse query []
	at org.elasticsearch.index.query.QueryStringQueryParser.parse(QueryStringQueryParser.java:224)
	at org.elasticsearch.index.query.QueryParseContext.parseInnerQuery(QueryParseContext.java:188)
	at org.elasticsearch.index.query.IndexQueryParserService.parse(IndexQueryParserService.java:268)
	at org.elasticsearch.index.query.IndexQueryParserService.parse(IndexQueryParserService.java:246)
	at org.elasticsearch.search.query.QueryParseElement.parse(QueryParseElement.java:33)
	at org.elasticsearch.search.SearchService.parseSource(SearchService.java:554)
	... 11 more
Caused by: org.apache.lucene.queryParser.ParseException: Cannot parse '': Encountered "<EOF>" at line 1, column 0.
Was expecting one of:
    <NOT> ...
    "+" ...
    "-" ...
    <BAREOPER> ...
    "(" ...
    "*" ...
    <QUOTED> ...
    <TERM> ...
    <PREFIXTERM> ...
    <WILDTERM> ...
    "[" ...
    "{" ...
    <NUMBER> ...
    <TERM> ...
    "*" ...
    
	at org.apache.lucene.queryParser.QueryParser.parse(QueryParser.java:211)
	at org.elasticsearch.index.query.QueryStringQueryParser.parse(QueryStringQueryParser.java:212)
	... 16 more
Caused by: org.apache.lucene.queryParser.ParseException: Encountered "<EOF>" at line 1, column 0.
Was expecting one of:
    <NOT> ...
    "+" ...
    "-" ...
    <BAREOPER> ...
    "(" ...
    "*" ...
    <QUOTED> ...
    <TERM> ...
    <PREFIXTERM> ...
    <WILDTERM> ...
    "[" ...
    "{" ...
    <NUMBER> ...
    <TERM> ...
    "*" ...
    
	at org.apache.lucene.queryParser.QueryParser.generateParseException(QueryParser.java:1849)
	at org.apache.lucene.queryParser.QueryParser.jj_consume_token(QueryParser.java:1731)
	at org.apache.lucene.queryParser.QueryParser.Clause(QueryParser.java:1337)
	at org.apache.lucene.queryParser.QueryParser.Query(QueryParser.java:1245)
	at org.apache.lucene.queryParser.QueryParser.TopLevelQuery(QueryParser.java:1234)
	at org.apache.lucene.queryParser.QueryParser.parse(QueryParser.java:206)
	... 17 more
[2014-03-29 17:19:13,138][DEBUG][action.search.type       ] [Plazm] [articles][4], node[fKARli1bRJmH-8GAfldWgQ], [P], s[STARTED]: Failed to execute [org.elasticsearch.action.search.SearchRequest@efc773]
org.elasticsearch.search.SearchParseException: [articles][4]: from[-1],size[-1]: Parse Failure [Failed to parse source [{"query":{"query_string":{"query":"","lowercase_expanded_terms":true,"analyze_wildcard":false}}}]]
	at org.elasticsearch.search.SearchService.parseSource(SearchService.java:566)
	at org.elasticsearch.search.SearchService.createContext(SearchService.java:482)
	at org.elasticsearch.search.SearchService.createContext(SearchService.java:466)
	at org.elasticsearch.search.SearchService.executeQueryPhase(SearchService.java:236)
	at org.elasticsearch.search.action.SearchServiceTransportAction.sendExecuteQuery(SearchServiceTransportAction.java:141)
	at org.elasticsearch.action.search.type.TransportSearchQueryThenFetchAction$AsyncAction.sendExecuteFirstPhase(TransportSearchQueryThenFetchAction.java:80)
	at org.elasticsearch.action.search.type.TransportSearchTypeAction$BaseAsyncAction.performFirstPhase(TransportSearchTypeAction.java:205)
	at org.elasticsearch.action.search.type.TransportSearchTypeAction$BaseAsyncAction.performFirstPhase(TransportSearchTypeAction.java:192)
	at org.elasticsearch.action.search.type.TransportSearchTypeAction$BaseAsyncAction$2.run(TransportSearchTypeAction.java:178)
	at java.util.concurrent.ThreadPoolExecutor.runWorker(ThreadPoolExecutor.java:1145)
	at java.util.concurrent.ThreadPoolExecutor$Worker.run(ThreadPoolExecutor.java:615)
	at java.lang.Thread.run(Thread.java:744)
Caused by: org.elasticsearch.index.query.QueryParsingException: [articles] Failed to parse query []
	at org.elasticsearch.index.query.QueryStringQueryParser.parse(QueryStringQueryParser.java:224)
	at org.elasticsearch.index.query.QueryParseContext.parseInnerQuery(QueryParseContext.java:188)
	at org.elasticsearch.index.query.IndexQueryParserService.parse(IndexQueryParserService.java:268)
	at org.elasticsearch.index.query.IndexQueryParserService.parse(IndexQueryParserService.java:246)
	at org.elasticsearch.search.query.QueryParseElement.parse(QueryParseElement.java:33)
	at org.elasticsearch.search.SearchService.parseSource(SearchService.java:554)
	... 11 more
Caused by: org.apache.lucene.queryParser.ParseException: Cannot parse '': Encountered "<EOF>" at line 1, column 0.
Was expecting one of:
    <NOT> ...
    "+" ...
    "-" ...
    <BAREOPER> ...
    "(" ...
    "*" ...
    <QUOTED> ...
    <TERM> ...
    <PREFIXTERM> ...
    <WILDTERM> ...
    "[" ...
    "{" ...
    <NUMBER> ...
    <TERM> ...
    "*" ...
    
	at org.apache.lucene.queryParser.QueryParser.parse(QueryParser.java:211)
	at org.elasticsearch.index.query.QueryStringQueryParser.parse(QueryStringQueryParser.java:212)
	... 16 more
Caused by: org.apache.lucene.queryParser.ParseException: Encountered "<EOF>" at line 1, column 0.
Was expecting one of:
    <NOT> ...
    "+" ...
    "-" ...
    <BAREOPER> ...
    "(" ...
    "*" ...
    <QUOTED> ...
    <TERM> ...
    <PREFIXTERM> ...
    <WILDTERM> ...
    "[" ...
    "{" ...
    <NUMBER> ...
    <TERM> ...
    "*" ...
    
	at org.apache.lucene.queryParser.QueryParser.generateParseException(QueryParser.java:1849)
	at org.apache.lucene.queryParser.QueryParser.jj_consume_token(QueryParser.java:1731)
	at org.apache.lucene.queryParser.QueryParser.Clause(QueryParser.java:1337)
	at org.apache.lucene.queryParser.QueryParser.Query(QueryParser.java:1245)
	at org.apache.lucene.queryParser.QueryParser.TopLevelQuery(QueryParser.java:1234)
	at org.apache.lucene.queryParser.QueryParser.parse(QueryParser.java:206)
	... 17 more
[2014-03-29 17:19:13,137][DEBUG][action.search.type       ] [Plazm] [articles][3], node[fKARli1bRJmH-8GAfldWgQ], [P], s[STARTED]: Failed to execute [org.elasticsearch.action.search.SearchRequest@efc773]
org.elasticsearch.search.SearchParseException: [articles][3]: from[-1],size[-1]: Parse Failure [Failed to parse source [{"query":{"query_string":{"query":"","lowercase_expanded_terms":true,"analyze_wildcard":false}}}]]
	at org.elasticsearch.search.SearchService.parseSource(SearchService.java:566)
	at org.elasticsearch.search.SearchService.createContext(SearchService.java:482)
	at org.elasticsearch.search.SearchService.createContext(SearchService.java:466)
	at org.elasticsearch.search.SearchService.executeQueryPhase(SearchService.java:236)
	at org.elasticsearch.search.action.SearchServiceTransportAction.sendExecuteQuery(SearchServiceTransportAction.java:141)
	at org.elasticsearch.action.search.type.TransportSearchQueryThenFetchAction$AsyncAction.sendExecuteFirstPhase(TransportSearchQueryThenFetchAction.java:80)
	at org.elasticsearch.action.search.type.TransportSearchTypeAction$BaseAsyncAction.performFirstPhase(TransportSearchTypeAction.java:205)
	at org.elasticsearch.action.search.type.TransportSearchTypeAction$BaseAsyncAction.performFirstPhase(TransportSearchTypeAction.java:192)
	at org.elasticsearch.action.search.type.TransportSearchTypeAction$BaseAsyncAction$2.run(TransportSearchTypeAction.java:178)
	at java.util.concurrent.ThreadPoolExecutor.runWorker(ThreadPoolExecutor.java:1145)
	at java.util.concurrent.ThreadPoolExecutor$Worker.run(ThreadPoolExecutor.java:615)
	at java.lang.Thread.run(Thread.java:744)
Caused by: org.elasticsearch.index.query.QueryParsingException: [articles] Failed to parse query []
	at org.elasticsearch.index.query.QueryStringQueryParser.parse(QueryStringQueryParser.java:224)
	at org.elasticsearch.index.query.QueryParseContext.parseInnerQuery(QueryParseContext.java:188)
	at org.elasticsearch.index.query.IndexQueryParserService.parse(IndexQueryParserService.java:268)
	at org.elasticsearch.index.query.IndexQueryParserService.parse(IndexQueryParserService.java:246)
	at org.elasticsearch.search.query.QueryParseElement.parse(QueryParseElement.java:33)
	at org.elasticsearch.search.SearchService.parseSource(SearchService.java:554)
	... 11 more
Caused by: org.apache.lucene.queryParser.ParseException: Cannot parse '': Encountered "<EOF>" at line 1, column 0.
Was expecting one of:
    <NOT> ...
    "+" ...
    "-" ...
    <BAREOPER> ...
    "(" ...
    "*" ...
    <QUOTED> ...
    <TERM> ...
    <PREFIXTERM> ...
    <WILDTERM> ...
    "[" ...
    "{" ...
    <NUMBER> ...
    <TERM> ...
    "*" ...
    
	at org.apache.lucene.queryParser.QueryParser.parse(QueryParser.java:211)
	at org.elasticsearch.index.query.QueryStringQueryParser.parse(QueryStringQueryParser.java:212)
	... 16 more
Caused by: org.apache.lucene.queryParser.ParseException: Encountered "<EOF>" at line 1, column 0.
Was expecting one of:
    <NOT> ...
    "+" ...
    "-" ...
    <BAREOPER> ...
    "(" ...
    "*" ...
    <QUOTED> ...
    <TERM> ...
    <PREFIXTERM> ...
    <WILDTERM> ...
    "[" ...
    "{" ...
    <NUMBER> ...
    <TERM> ...
    "*" ...
    
	at org.apache.lucene.queryParser.QueryParser.generateParseException(QueryParser.java:1849)
	at org.apache.lucene.queryParser.QueryParser.jj_consume_token(QueryParser.java:1731)
	at org.apache.lucene.queryParser.QueryParser.Clause(QueryParser.java:1337)
	at org.apache.lucene.queryParser.QueryParser.Query(QueryParser.java:1245)
	at org.apache.lucene.queryParser.QueryParser.TopLevelQuery(QueryParser.java:1234)
	at org.apache.lucene.queryParser.QueryParser.parse(QueryParser.java:206)
	... 17 more
